<?xml version="1.0" encoding="UTF-8"?>
<!-- Generated by org.testng.reporters.JUnitReportReporter -->
<testsuite hostname="DESKTOP-6HBCS8O" failures="0" tests="1" name="automation.tcRepository.Login.LoginTC001" time="0.097" errors="1" timestamp="2021-04-12T12:44:18 IST" skipped="0">
  <testcase classname="automation.tcRepository.Login.LoginTC001" name="scenario01" time="0.097">
    <error message="automation/PageObject/LoginPage" type="java.lang.NoClassDefFoundError">
      <![CDATA[java.lang.NoClassDefFoundError: automation/PageObject/LoginPage
at automation.tcRepository.Login.LoginTC001.scenario01(LoginTC001.java:27)
at java.base/jdk.internal.reflect.NativeMethodAccessorImpl.invoke0(Native Method)
at java.base/jdk.internal.reflect.NativeMethodAccessorImpl.invoke(NativeMethodAccessorImpl.java:64)
at java.base/jdk.internal.reflect.DelegatingMethodAccessorImpl.invoke(DelegatingMethodAccessorImpl.java:43)
at java.base/java.lang.reflect.Method.invoke(Method.java:564)
at org.testng.internal.MethodInvocationHelper.invokeMethod(MethodInvocationHelper.java:132)
at org.testng.internal.TestInvoker.invokeMethod(TestInvoker.java:599)
at org.testng.internal.TestInvoker.invokeTestMethod(TestInvoker.java:174)
at org.testng.internal.MethodRunner.runInSequence(MethodRunner.java:46)
at org.testng.internal.TestInvoker$MethodInvocationAgent.invoke(TestInvoker.java:822)
at org.testng.internal.TestInvoker.invokeTestMethods(TestInvoker.java:147)
at org.testng.internal.TestMethodWorker.invokeTestMethods(TestMethodWorker.java:146)
at org.testng.internal.TestMethodWorker.run(TestMethodWorker.java:128)
at java.base/java.util.ArrayList.forEach(ArrayList.java:1511)
at org.testng.TestRunner.privateRun(TestRunner.java:764)
at org.testng.TestRunner.run(TestRunner.java:585)
at org.testng.SuiteRunner.runTest(SuiteRunner.java:384)
at org.testng.SuiteRunner.runSequentially(SuiteRunner.java:378)
at org.testng.SuiteRunner.privateRun(SuiteRunner.java:337)
at org.testng.SuiteRunner.run(SuiteRunner.java:286)
at org.testng.SuiteRunnerWorker.runSuite(SuiteRunnerWorker.java:53)
at org.testng.SuiteRunnerWorker.run(SuiteRunnerWorker.java:96)
at org.testng.TestNG.runSuitesSequentially(TestNG.java:1218)
at org.testng.TestNG.runSuitesLocally(TestNG.java:1140)
at org.testng.TestNG.runSuites(TestNG.java:1069)
at org.testng.TestNG.run(TestNG.java:1037)
at org.testng.remote.AbstractRemoteTestNG.run(AbstractRemoteTestNG.java:115)
at org.testng.remote.RemoteTestNG.initAndRun(RemoteTestNG.java:251)
at org.testng.remote.RemoteTestNG.main(RemoteTestNG.java:77)
Caused by: java.lang.ClassNotFoundException: automation.PageObject.LoginPage
at java.base/jdk.internal.loader.BuiltinClassLoader.loadClass(BuiltinClassLoader.java:606)
at java.base/jdk.internal.loader.ClassLoaders$AppClassLoader.loadClass(ClassLoaders.java:168)
at java.base/java.lang.ClassLoader.loadClass(ClassLoader.java:522)
... 29 more
]]>
    </error>
  </testcase> <!-- scenario01 -->
  <system-out>
<b> <font color='black' size='2'>Automation Case Developed by : Shakuntala Choudhary</font></b> <br/> <b> <font color='black' size='2'>TestCase Name : Login with valid credential</font></b> <br/> <b> <font color='black' size='2'>TestCase Start Time : 0_44_5_PM</font></b> <br/> ================================================================= <br/> <b> <font color='black' size='2'>TestcaseID:
LoginTC001</font></b> <br/> ================================================================= <br/>  <br/> <b> <font color='black' size='2'>Scenario 1 : Check Login functionality</font></b> <br/>  <br/> 1. Invoking the application with URL. <br/>  <br/> <b> <font color='black' size='2'>Expected :Login Page should open</font></b> <br/> ========= <br/>  </system-out>
</testsuite> <!-- automation.tcRepository.Login.LoginTC001 -->
